0 info it worked if it ends with ok
1 verbose cli [ '/usr/bin/node', '/usr/bin/npm', 'i', '-g', 'cndjs-importer' ]
2 info using npm@1.4.28
3 info using node@v0.10.37
4 verbose node symlink /usr/bin/node
5 verbose cache add [ 'cndjs-importer', null ]
6 verbose cache add name=undefined spec="cndjs-importer" args=["cndjs-importer",null]
7 verbose parsed url { protocol: null,
7 verbose parsed url   slashes: null,
7 verbose parsed url   auth: null,
7 verbose parsed url   host: null,
7 verbose parsed url   port: null,
7 verbose parsed url   hostname: null,
7 verbose parsed url   hash: null,
7 verbose parsed url   search: null,
7 verbose parsed url   query: null,
7 verbose parsed url   pathname: 'cndjs-importer',
7 verbose parsed url   path: 'cndjs-importer',
7 verbose parsed url   href: 'cndjs-importer' }
8 silly lockFile 4bc0a64f-cndjs-importer cndjs-importer
9 verbose lock cndjs-importer /home/ionicabizau/.npm/4bc0a64f-cndjs-importer.lock
10 silly lockFile 4bc0a64f-cndjs-importer cndjs-importer
11 silly lockFile 4bc0a64f-cndjs-importer cndjs-importer
12 verbose addNamed [ 'cndjs-importer', '' ]
13 verbose addNamed [ null, '*' ]
14 silly lockFile b7ef41b1-cndjs-importer cndjs-importer@
15 verbose lock cndjs-importer@ /home/ionicabizau/.npm/b7ef41b1-cndjs-importer.lock
16 silly addNameRange { name: 'cndjs-importer', range: '*', hasData: false }
17 verbose request where is /cndjs-importer
18 verbose request registry https://registry.npmjs.org/
19 verbose request id f971febd3a69efe0
20 verbose url raw /cndjs-importer
21 verbose url resolving [ 'https://registry.npmjs.org/', './cndjs-importer' ]
22 verbose url resolved https://registry.npmjs.org/cndjs-importer
23 verbose request where is https://registry.npmjs.org/cndjs-importer
24 info trying registry request attempt 1 at 16:21:09
25 http GET https://registry.npmjs.org/cndjs-importer
26 http 404 https://registry.npmjs.org/cndjs-importer
27 verbose headers { server: 'CouchDB/1.5.0 (Erlang OTP/R16B03)',
27 verbose headers   'content-type': 'application/json',
27 verbose headers   'cache-control': 'max-age=0',
27 verbose headers   'content-length': '51',
27 verbose headers   'accept-ranges': 'bytes',
27 verbose headers   date: 'Wed, 20 May 2015 13:21:09 GMT',
27 verbose headers   via: '1.1 varnish',
27 verbose headers   age: '0',
27 verbose headers   connection: 'keep-alive',
27 verbose headers   'x-served-by': 'cache-fra1232-FRA',
27 verbose headers   'x-cache': 'MISS',
27 verbose headers   'x-cache-hits': '0',
27 verbose headers   'x-timer': 'S1432128069.398481,VS0,VE112' }
28 silly registry.get cb [ 404,
28 silly registry.get   { server: 'CouchDB/1.5.0 (Erlang OTP/R16B03)',
28 silly registry.get     'content-type': 'application/json',
28 silly registry.get     'cache-control': 'max-age=0',
28 silly registry.get     'content-length': '51',
28 silly registry.get     'accept-ranges': 'bytes',
28 silly registry.get     date: 'Wed, 20 May 2015 13:21:09 GMT',
28 silly registry.get     via: '1.1 varnish',
28 silly registry.get     age: '0',
28 silly registry.get     connection: 'keep-alive',
28 silly registry.get     'x-served-by': 'cache-fra1232-FRA',
28 silly registry.get     'x-cache': 'MISS',
28 silly registry.get     'x-cache-hits': '0',
28 silly registry.get     'x-timer': 'S1432128069.398481,VS0,VE112' } ]
29 silly lockFile b7ef41b1-cndjs-importer cndjs-importer@
30 silly lockFile b7ef41b1-cndjs-importer cndjs-importer@
31 error 404 404 Not Found: cndjs-importer
31 error 404
31 error 404 'cndjs-importer' is not in the npm registry.
31 error 404 You should bug the author to publish it
31 error 404
31 error 404 Note that you can also install from a
31 error 404 tarball, folder, or http url, or git url.
32 error System Linux 3.19.0-16-generic
33 error command "/usr/bin/node" "/usr/bin/npm" "i" "-g" "cndjs-importer"
34 error cwd /home/ionicabizau/Documents/svg.connectable.js
35 error node -v v0.10.37
36 error npm -v 1.4.28
37 error code E404
38 verbose exit [ 1, true ]
